2020-12-09T10:39:21+00:00 CRITICAL syntax error, unexpected '}' in C:\xampp\htdocs\2020\12\krush\krush-cn\themes\krush\inc\product-archive-ajax.php on line 34

2020-12-09T10:39:40+00:00 CRITICAL syntax error, unexpected '}' in C:\xampp\htdocs\2020\12\krush\krush-cn\themes\krush\inc\product-archive-ajax.php on line 34

2020-12-09T10:39:49+00:00 CRITICAL syntax error, unexpected '}' in C:\xampp\htdocs\2020\12\krush\krush-cn\themes\krush\inc\product-archive-ajax.php on line 34

2020-12-09T10:40:49+00:00 CRITICAL syntax error, unexpected '}' in C:\xampp\htdocs\2020\12\krush\krush-cn\themes\krush\inc\product-archive-ajax.php on line 34

2020-12-09T10:41:22+00:00 CRITICAL syntax error, unexpected '}' in C:\xampp\htdocs\2020\12\krush\krush-cn\themes\krush\inc\product-archive-ajax.php on line 34

2020-12-09T10:41:38+00:00 CRITICAL syntax error, unexpected '}' in C:\xampp\htdocs\2020\12\krush\krush-cn\themes\krush\inc\product-archive-ajax.php on line 34

2020-12-09T10:41:39+00:00 CRITICAL syntax error, unexpected '}' in C:\xampp\htdocs\2020\12\krush\krush-cn\themes\krush\inc\product-archive-ajax.php on line 34

2020-12-09T10:41:40+00:00 CRITICAL syntax error, unexpected '}' in C:\xampp\htdocs\2020\12\krush\krush-cn\themes\krush\inc\product-archive-ajax.php on line 34

2020-12-09T11:08:36+00:00 CRITICAL syntax error, unexpected '=>' (T_DOUBLE_ARROW) in C:\xampp\htdocs\2020\12\krush\krush-cn\themes\krush\inc\product-archive-ajax.php on line 31

2020-12-09T11:08:45+00:00 CRITICAL syntax error, unexpected '=>' (T_DOUBLE_ARROW) in C:\xampp\htdocs\2020\12\krush\krush-cn\themes\krush\inc\product-archive-ajax.php on line 31

2020-12-09T11:09:40+00:00 CRITICAL syntax error, unexpected '=>' (T_DOUBLE_ARROW) in C:\xampp\htdocs\2020\12\krush\krush-cn\themes\krush\inc\product-archive-ajax.php on line 31

2020-12-09T11:09:40+00:00 CRITICAL syntax error, unexpected '=>' (T_DOUBLE_ARROW) in C:\xampp\htdocs\2020\12\krush\krush-cn\themes\krush\inc\product-archive-ajax.php on line 31

2020-12-09T11:10:21+00:00 CRITICAL syntax error, unexpected '=' in C:\xampp\htdocs\2020\12\krush\krush-cn\themes\krush\inc\product-archive-ajax.php on line 31

2020-12-09T11:10:33+00:00 CRITICAL syntax error, unexpected '=' in C:\xampp\htdocs\2020\12\krush\krush-cn\themes\krush\inc\product-archive-ajax.php on line 31

2020-12-09T11:10:35+00:00 CRITICAL syntax error, unexpected '=' in C:\xampp\htdocs\2020\12\krush\krush-cn\themes\krush\inc\product-archive-ajax.php on line 31

2020-12-09T11:39:11+00:00 CRITICAL syntax error, unexpected 'array' (T_ARRAY), expecting ')' in C:\xampp\htdocs\2020\12\krush\krush-cn\themes\krush\inc\product-archive-ajax.php on line 33

2020-12-09T11:40:02+00:00 CRITICAL syntax error, unexpected 'array' (T_ARRAY), expecting ')' in C:\xampp\htdocs\2020\12\krush\krush-cn\themes\krush\inc\product-archive-ajax.php on line 33

2020-12-09T11:40:18+00:00 CRITICAL syntax error, unexpected '}' in C:\xampp\htdocs\2020\12\krush\krush-cn\themes\krush\inc\product-archive-ajax.php on line 44

2020-12-09T13:09:24+00:00 CRITICAL syntax error, unexpected '!' in C:\xampp\htdocs\2020\12\krush\krush-cn\themes\krush\inc\class-wc-cbv-attributes-widget.php on line 157

2020-12-09T13:49:32+00:00 CRITICAL syntax error, unexpected ':', expecting ',' or ';' in C:\xampp\htdocs\2020\12\krush\krush-cn\themes\krush\inc\class-wc-cbv-attributes-widget.php on line 553

2020-12-09T14:08:51+00:00 CRITICAL syntax error, unexpected ';' in C:\xampp\htdocs\2020\12\krush\krush-cn\themes\krush\inc\class-wc-cbv-attributes-widget.php on line 564

2020-12-09T14:18:11+00:00 CRITICAL Object of class WP_Error could not be converted to string in C:\xampp\htdocs\2020\12\krush\krush-cn\themes\krush\inc\class-wc-cbv-attributes-widget.php on line 455

